This file contains any messages produced by compilers while
running configure, to aid debugging if configure makes a mistake.

It was created by crac configure 2.4.0, which was
generated by GNU Autoconf 2.69.  Invocation command line was

  $ ./configure --prefix /myvol1/crac/

## --------- ##
## Platform. ##
## --------- ##

hostname = 02ac38538345
uname -m = x86_64
uname -r = 5.0.0-31-generic
uname -s = Linux
uname -v = #33~18.04.1-Ubuntu SMP Tue Oct 1 10:20:39 UTC 2019

/usr/bin/uname -p = unknown
/bin/uname -X     = unknown

/bin/arch              = unknown
/usr/bin/arch -k       = unknown
/usr/convex/getsysinfo = unknown
/usr/bin/hostinfo      = unknown
/bin/machine           = unknown
/usr/bin/oslevel       = unknown
/bin/universe          = unknown

PATH: /usr/local/sbin
PATH: /usr/local/bin
PATH: /usr/sbin
PATH: /usr/bin
PATH: /sbin
PATH: /bin


## ----------- ##
## Core tests. ##
## ----------- ##

configure:2910: checking for a BSD-compatible install
configure:2978: result: /usr/bin/install -c
configure:2989: checking whether build environment is sane
configure:3044: result: yes
configure:3082: WARNING: 'missing' script is too old or missing
configure:3195: checking for a thread-safe mkdir -p
configure:3234: result: /bin/mkdir -p
configure:3241: checking for gawk
configure:3271: result: no
configure:3241: checking for mawk
configure:3257: found /usr/bin/mawk
configure:3268: result: mawk
configure:3279: checking whether make sets $(MAKE)
configure:3301: result: yes
configure:3330: checking whether make supports nested variables
configure:3347: result: yes
configure:3478: checking build system type
configure:3492: result: x86_64-unknown-linux-gnu
configure:3512: checking host system type
configure:3525: result: x86_64-unknown-linux-gnu
configure:3558: checking for gawk
configure:3585: result: mawk
configure:3645: checking for gcc
configure:3661: found /usr/bin/gcc
configure:3672: result: gcc
configure:3901: checking for C compiler version
configure:3910: gcc --version >&5
gcc (Ubuntu 5.4.0-6ubuntu1~16.04.12) 5.4.0 20160609
Copyright (C) 2015 Free Software Foundation, Inc.
This is free software; see the source for copying conditions.  There is NO
warranty; not even for MERCHANTABILITY or FITNESS FOR A PARTICULAR PURPOSE.

configure:3921: $? = 0
configure:3910: gcc -v >&5
Using built-in specs.
COLLECT_GCC=gcc
COLLECT_LTO_WRAPPER=/usr/lib/gcc/x86_64-linux-gnu/5/lto-wrapper
Target: x86_64-linux-gnu
Configured with: ../src/configure -v --with-pkgversion='Ubuntu 5.4.0-6ubuntu1~16.04.12' --with-bugurl=file:///usr/share/doc/gcc-5/README.Bugs --enable-languages=c,ada,c++,java,go,d,fortran,objc,obj-c++ --prefix=/usr --program-suffix=-5 --enable-shared --enable-linker-build-id --libexecdir=/usr/lib --without-included-gettext --enable-threads=posix --libdir=/usr/lib --enable-nls --with-sysroot=/ --enable-clocale=gnu --enable-libstdcxx-debug --enable-libstdcxx-time=yes --with-default-libstdcxx-abi=new --enable-gnu-unique-object --disable-vtable-verify --enable-libmpx --enable-plugin --with-system-zlib --disable-browser-plugin --enable-java-awt=gtk --enable-gtk-cairo --with-java-home=/usr/lib/jvm/java-1.5.0-gcj-5-amd64/jre --enable-java-home --with-jvm-root-dir=/usr/lib/jvm/java-1.5.0-gcj-5-amd64 --with-jvm-jar-dir=/usr/lib/jvm-exports/java-1.5.0-gcj-5-amd64 --with-arch-directory=amd64 --with-ecj-jar=/usr/share/java/eclipse-ecj.jar --enable-objc-gc --enable-multiarch --disable-werror --with-arch-32=i686 --with-abi=m64 --with-multilib-list=m32,m64,mx32 --enable-multilib --with-tune=generic --enable-checking=release --build=x86_64-linux-gnu --host=x86_64-linux-gnu --target=x86_64-linux-gnu
Thread model: posix
gcc version 5.4.0 20160609 (Ubuntu 5.4.0-6ubuntu1~16.04.12) 
configure:3921: $? = 0
configure:3910: gcc -V >&5
gcc: error: unrecognized command line option '-V'
gcc: fatal error: no input files
compilation terminated.
configure:3921: $? = 1
configure:3910: gcc -qversion >&5
gcc: error: unrecognized command line option '-qversion'
gcc: fatal error: no input files
compilation terminated.
configure:3921: $? = 1
configure:3941: checking whether the C compiler works
configure:3963: gcc    conftest.c  >&5
configure:3967: $? = 0
configure:4015: result: yes
configure:4018: checking for C compiler default output file name
configure:4020: result: a.out
configure:4026: checking for suffix of executables
configure:4033: gcc -o conftest    conftest.c  >&5
configure:4037: $? = 0
configure:4059: result: 
configure:4081: checking whether we are cross compiling
configure:4089: gcc -o conftest    conftest.c  >&5
configure:4093: $? = 0
configure:4100: ./conftest
configure:4104: $? = 0
configure:4119: result: no
configure:4124: checking for suffix of object files
configure:4146: gcc -c   conftest.c >&5
configure:4150: $? = 0
configure:4171: result: o
configure:4175: checking whether we are using the GNU C compiler
configure:4194: gcc -c   conftest.c >&5
configure:4194: $? = 0
configure:4203: result: yes
configure:4212: checking whether gcc accepts -g
configure:4232: gcc -c -g  conftest.c >&5
configure:4232: $? = 0
configure:4273: result: yes
configure:4290: checking for gcc option to accept ISO C89
configure:4353: gcc  -c   conftest.c >&5
configure:4353: $? = 0
configure:4366: result: none needed
configure:4391: checking whether gcc understands -c and -o together
configure:4413: gcc -c conftest.c -o conftest2.o
configure:4416: $? = 0
configure:4413: gcc -c conftest.c -o conftest2.o
configure:4416: $? = 0
configure:4428: result: yes
configure:4456: checking for style of include used by make
configure:4484: result: GNU
configure:4510: checking dependency style of gcc
configure:4621: result: gcc3
configure:4694: checking for g++
configure:4710: found /usr/bin/g++
configure:4721: result: g++
configure:4748: checking for C++ compiler version
configure:4757: g++ --version >&5
g++ (Ubuntu 5.4.0-6ubuntu1~16.04.12) 5.4.0 20160609
Copyright (C) 2015 Free Software Foundation, Inc.
This is free software; see the source for copying conditions.  There is NO
warranty; not even for MERCHANTABILITY or FITNESS FOR A PARTICULAR PURPOSE.

configure:4768: $? = 0
configure:4757: g++ -v >&5
Using built-in specs.
COLLECT_GCC=g++
COLLECT_LTO_WRAPPER=/usr/lib/gcc/x86_64-linux-gnu/5/lto-wrapper
Target: x86_64-linux-gnu
Configured with: ../src/configure -v --with-pkgversion='Ubuntu 5.4.0-6ubuntu1~16.04.12' --with-bugurl=file:///usr/share/doc/gcc-5/README.Bugs --enable-languages=c,ada,c++,java,go,d,fortran,objc,obj-c++ --prefix=/usr --program-suffix=-5 --enable-shared --enable-linker-build-id --libexecdir=/usr/lib --without-included-gettext --enable-threads=posix --libdir=/usr/lib --enable-nls --with-sysroot=/ --enable-clocale=gnu --enable-libstdcxx-debug --enable-libstdcxx-time=yes --with-default-libstdcxx-abi=new --enable-gnu-unique-object --disable-vtable-verify --enable-libmpx --enable-plugin --with-system-zlib --disable-browser-plugin --enable-java-awt=gtk --enable-gtk-cairo --with-java-home=/usr/lib/jvm/java-1.5.0-gcj-5-amd64/jre --enable-java-home --with-jvm-root-dir=/usr/lib/jvm/java-1.5.0-gcj-5-amd64 --with-jvm-jar-dir=/usr/lib/jvm-exports/java-1.5.0-gcj-5-amd64 --with-arch-directory=amd64 --with-ecj-jar=/usr/share/java/eclipse-ecj.jar --enable-objc-gc --enable-multiarch --disable-werror --with-arch-32=i686 --with-abi=m64 --with-multilib-list=m32,m64,mx32 --enable-multilib --with-tune=generic --enable-checking=release --build=x86_64-linux-gnu --host=x86_64-linux-gnu --target=x86_64-linux-gnu
Thread model: posix
gcc version 5.4.0 20160609 (Ubuntu 5.4.0-6ubuntu1~16.04.12) 
configure:4768: $? = 0
configure:4757: g++ -V >&5
g++: error: unrecognized command line option '-V'
g++: fatal error: no input files
compilation terminated.
configure:4768: $? = 1
configure:4757: g++ -qversion >&5
g++: error: unrecognized command line option '-qversion'
g++: fatal error: no input files
compilation terminated.
configure:4768: $? = 1
configure:4772: checking whether we are using the GNU C++ compiler
configure:4791: g++ -c   conftest.cpp >&5
configure:4791: $? = 0
configure:4800: result: yes
configure:4809: checking whether g++ accepts -g
configure:4829: g++ -c -g  conftest.cpp >&5
configure:4829: $? = 0
configure:4870: result: yes
configure:4895: checking dependency style of g++
configure:5006: result: gcc3
configure:5026: checking how to run the C preprocessor
configure:5057: gcc -E  conftest.c
configure:5057: $? = 0
configure:5071: gcc -E  conftest.c
conftest.c:11:28: fatal error: ac_nonexistent.h: No such file or directory
compilation terminated.
configure:5071: $? = 1
configure: failed program was:
| /* confdefs.h */
| #define PACKAGE_NAME "crac"
| #define PACKAGE_TARNAME "crac"
| #define PACKAGE_VERSION "2.4.0"
| #define PACKAGE_STRING "crac 2.4.0"
| #define PACKAGE_BUGREPORT "crac-bugs@lists.gforge.inria.fr"
| #define PACKAGE_URL "http://crac.gforge.inria.fr/"
| #define PACKAGE "crac"
| #define VERSION "2.4.0"
| /* end confdefs.h.  */
| #include <ac_nonexistent.h>
configure:5096: result: gcc -E
configure:5116: gcc -E  conftest.c
configure:5116: $? = 0
configure:5130: gcc -E  conftest.c
conftest.c:11:28: fatal error: ac_nonexistent.h: No such file or directory
compilation terminated.
configure:5130: $? = 1
configure: failed program was:
| /* confdefs.h */
| #define PACKAGE_NAME "crac"
| #define PACKAGE_TARNAME "crac"
| #define PACKAGE_VERSION "2.4.0"
| #define PACKAGE_STRING "crac 2.4.0"
| #define PACKAGE_BUGREPORT "crac-bugs@lists.gforge.inria.fr"
| #define PACKAGE_URL "http://crac.gforge.inria.fr/"
| #define PACKAGE "crac"
| #define VERSION "2.4.0"
| /* end confdefs.h.  */
| #include <ac_nonexistent.h>
configure:5158: checking whether make sets $(MAKE)
configure:5180: result: yes
configure:5189: checking whether ln -s works
configure:5193: result: yes
configure:5281: checking how to print strings
configure:5308: result: printf
configure:5329: checking for a sed that does not truncate output
configure:5393: result: /bin/sed
configure:5411: checking for grep that handles long lines and -e
configure:5469: result: /bin/grep
configure:5474: checking for egrep
configure:5536: result: /bin/grep -E
configure:5541: checking for fgrep
configure:5603: result: /bin/grep -F
configure:5638: checking for ld used by gcc
configure:5705: result: /usr/bin/ld
configure:5712: checking if the linker (/usr/bin/ld) is GNU ld
configure:5727: result: yes
configure:5739: checking for BSD- or MS-compatible name lister (nm)
configure:5788: result: /usr/bin/nm -B
configure:5918: checking the name lister (/usr/bin/nm -B) interface
configure:5925: g++ -c   conftest.cpp >&5
configure:5928: /usr/bin/nm -B "conftest.o"
configure:5931: output
0000000000000000 B some_variable
configure:5938: result: BSD nm
configure:5942: checking the maximum length of command line arguments
configure:6073: result: 1572864
configure:6090: checking whether the shell understands some XSI constructs
configure:6100: result: yes
configure:6104: checking whether the shell understands "+="
configure:6110: result: yes
configure:6145: checking how to convert x86_64-unknown-linux-gnu file names to x86_64-unknown-linux-gnu format
configure:6185: result: func_convert_file_noop
configure:6192: checking how to convert x86_64-unknown-linux-gnu file names to toolchain format
configure:6212: result: func_convert_file_noop
configure:6219: checking for /usr/bin/ld option to reload object files
configure:6226: result: -r
configure:6300: checking for objdump
configure:6316: found /usr/bin/objdump
configure:6327: result: objdump
configure:6359: checking how to recognize dependent libraries
configure:6557: result: pass_all
configure:6642: checking for dlltool
configure:6672: result: no
configure:6702: checking how to associate runtime and link libraries
configure:6729: result: printf %s\n
configure:6790: checking for ar
configure:6806: found /usr/bin/ar
configure:6817: result: ar
configure:6854: checking for archiver @FILE support
configure:6871: g++ -c   conftest.cpp >&5
configure:6871: $? = 0
configure:6874: ar cru libconftest.a @conftest.lst >&5
ar: `u' modifier ignored since `D' is the default (see `U')
configure:6877: $? = 0
configure:6882: ar cru libconftest.a @conftest.lst >&5
ar: `u' modifier ignored since `D' is the default (see `U')
ar: conftest.o: No such file or directory
configure:6885: $? = 1
configure:6897: result: @
configure:6955: checking for strip
configure:6971: found /usr/bin/strip
configure:6982: result: strip
configure:7054: checking for ranlib
configure:7070: found /usr/bin/ranlib
configure:7081: result: ranlib
configure:7183: checking command to parse /usr/bin/nm -B output from gcc object
configure:7303: g++ -c   conftest.cpp >&5
configure:7306: $? = 0
configure:7310: /usr/bin/nm -B conftest.o \| sed -n -e 's/^.*[ ]\([ABCDGIRSTW][ABCDGIRSTW]*\)[ ][ ]*\([_A-Za-z][_A-Za-z0-9]*\)$/\1 \2 \2/p' | sed '/ __gnu_lto/d' \> conftest.nm
configure:7313: $? = 0
configure:7379: g++ -o conftest    conftest.cpp conftstm.o >&5
configure:7382: $? = 0
configure:7420: result: ok
configure:7457: checking for sysroot
configure:7487: result: no
configure:7565: g++ -c   conftest.cpp >&5
configure:7568: $? = 0
configure:7757: checking for mt
configure:7787: result: no
configure:7807: checking if : is a manifest tool
configure:7813: : '-?'
configure:7821: result: no
configure:8459: checking for ANSI C header files
configure:8479: g++ -c   conftest.cpp >&5
configure:8479: $? = 0
./configure: line 8493: conftest.cpp: command not found
configure:8563: result: no
configure:8576: checking for sys/types.h
configure:8576: g++ -c   conftest.cpp >&5
configure:8576: $? = 0
configure:8576: result: yes
configure:8576: checking for sys/stat.h
configure:8576: g++ -c   conftest.cpp >&5
configure:8576: $? = 0
configure:8576: result: yes
configure:8576: checking for stdlib.h
configure:8576: g++ -c   conftest.cpp >&5
configure:8576: $? = 0
configure:8576: result: yes
configure:8576: checking for string.h
configure:8576: g++ -c   conftest.cpp >&5
configure:8576: $? = 0
configure:8576: result: yes
configure:8576: checking for memory.h
configure:8576: g++ -c   conftest.cpp >&5
configure:8576: $? = 0
configure:8576: result: yes
configure:8576: checking for strings.h
configure:8576: g++ -c   conftest.cpp >&5
configure:8576: $? = 0
configure:8576: result: yes
configure:8576: checking for inttypes.h
configure:8576: g++ -c   conftest.cpp >&5
configure:8576: $? = 0
configure:8576: result: yes
configure:8576: checking for stdint.h
configure:8576: g++ -c   conftest.cpp >&5
configure:8576: $? = 0
configure:8576: result: yes
configure:8576: checking for unistd.h
configure:8576: g++ -c   conftest.cpp >&5
configure:8576: $? = 0
configure:8576: result: yes
configure:8590: checking for dlfcn.h
configure:8590: g++ -c   conftest.cpp >&5
configure:8590: $? = 0
configure:8590: result: yes
configure:8776: checking for objdir
configure:8791: result: .libs
configure:9062: checking if gcc supports -fno-rtti -fno-exceptions
configure:9080: gcc -c   -fno-rtti -fno-exceptions conftest.c >&5
cc1: warning: command line option '-fno-rtti' is valid for C++/ObjC++ but not for C
configure:9084: $? = 0
configure:9097: result: no
configure:9424: checking for gcc option to produce PIC
configure:9431: result: -fPIC -DPIC
configure:9439: checking if gcc PIC flag -fPIC -DPIC works
configure:9457: gcc -c   -fPIC -DPIC -DPIC conftest.c >&5
configure:9461: $? = 0
configure:9474: result: yes
configure:9503: checking if gcc static flag -static works
configure:9531: result: yes
configure:9546: checking if gcc supports -c -o file.o
configure:9567: gcc -c   -o out/conftest2.o conftest.c >&5
configure:9571: $? = 0
configure:9593: result: yes
configure:9601: checking if gcc supports -c -o file.o
configure:9648: result: yes
configure:9681: checking whether the gcc linker (/usr/bin/ld) supports shared libraries
configure:10838: result: yes
configure:11078: checking dynamic linker characteristics
configure:11578: gcc -o conftest    -Wl,-rpath -Wl,/foo conftest.c  >&5
configure:11578: $? = 0
configure:11812: result: GNU/Linux ld.so
configure:11919: checking how to hardcode library paths into programs
configure:11944: result: immediate
configure:12484: checking whether stripping libraries is possible
configure:12489: result: yes
configure:12524: checking if libtool supports shared libraries
configure:12526: result: yes
configure:12529: checking whether to build shared libraries
configure:12550: result: no
configure:12553: checking whether to build static libraries
configure:12557: result: yes
configure:12580: checking how to run the C++ preprocessor
configure:12607: g++ -E  conftest.cpp
configure:12607: $? = 0
configure:12621: g++ -E  conftest.cpp
conftest.cpp:22:28: fatal error: ac_nonexistent.h: No such file or directory
compilation terminated.
configure:12621: $? = 1
configure: failed program was:
| /* confdefs.h */
| #define PACKAGE_NAME "crac"
| #define PACKAGE_TARNAME "crac"
| #define PACKAGE_VERSION "2.4.0"
| #define PACKAGE_STRING "crac 2.4.0"
| #define PACKAGE_BUGREPORT "crac-bugs@lists.gforge.inria.fr"
| #define PACKAGE_URL "http://crac.gforge.inria.fr/"
| #define PACKAGE "crac"
| #define VERSION "2.4.0"
| #define HAVE_SYS_TYPES_H 1
| #define HAVE_SYS_STAT_H 1
| #define HAVE_STDLIB_H 1
| #define HAVE_STRING_H 1
| #define HAVE_MEMORY_H 1
| #define HAVE_STRINGS_H 1
| #define HAVE_INTTYPES_H 1
| #define HAVE_STDINT_H 1
| #define HAVE_UNISTD_H 1
| #define HAVE_DLFCN_H 1
| #define LT_OBJDIR ".libs/"
| /* end confdefs.h.  */
| #include <ac_nonexistent.h>
configure:12646: result: g++ -E
configure:12666: g++ -E  conftest.cpp
configure:12666: $? = 0
configure:12680: g++ -E  conftest.cpp
conftest.cpp:22:28: fatal error: ac_nonexistent.h: No such file or directory
compilation terminated.
configure:12680: $? = 1
configure: failed program was:
| /* confdefs.h */
| #define PACKAGE_NAME "crac"
| #define PACKAGE_TARNAME "crac"
| #define PACKAGE_VERSION "2.4.0"
| #define PACKAGE_STRING "crac 2.4.0"
| #define PACKAGE_BUGREPORT "crac-bugs@lists.gforge.inria.fr"
| #define PACKAGE_URL "http://crac.gforge.inria.fr/"
| #define PACKAGE "crac"
| #define VERSION "2.4.0"
| #define HAVE_SYS_TYPES_H 1
| #define HAVE_SYS_STAT_H 1
| #define HAVE_STDLIB_H 1
| #define HAVE_STRING_H 1
| #define HAVE_MEMORY_H 1
| #define HAVE_STRINGS_H 1
| #define HAVE_INTTYPES_H 1
| #define HAVE_STDINT_H 1
| #define HAVE_UNISTD_H 1
| #define HAVE_DLFCN_H 1
| #define LT_OBJDIR ".libs/"
| /* end confdefs.h.  */
| #include <ac_nonexistent.h>
configure:12849: checking for ld used by g++
configure:12916: result: /usr/bin/ld
configure:12923: checking if the linker (/usr/bin/ld) is GNU ld
configure:12938: result: yes
configure:12993: checking whether the g++ linker (/usr/bin/ld) supports shared libraries
configure:13995: result: yes
configure:14031: g++ -c   conftest.cpp >&5
configure:14034: $? = 0
configure:14554: checking for g++ option to produce PIC
configure:14561: result: -fPIC -DPIC
configure:14569: checking if g++ PIC flag -fPIC -DPIC works
configure:14587: g++ -c   -fPIC -DPIC -DPIC conftest.cpp >&5
configure:14591: $? = 0
configure:14604: result: yes
configure:14627: checking if g++ static flag -static works
configure:14655: result: yes
configure:14667: checking if g++ supports -c -o file.o
configure:14688: g++ -c   -o out/conftest2.o conftest.cpp >&5
configure:14692: $? = 0
configure:14714: result: yes
configure:14719: checking if g++ supports -c -o file.o
configure:14766: result: yes
configure:14796: checking whether the g++ linker (/usr/bin/ld) supports shared libraries
configure:14835: result: yes
configure:14976: checking dynamic linker characteristics
configure:15644: result: GNU/Linux ld.so
configure:15697: checking how to hardcode library paths into programs
configure:15722: result: immediate
configure:15795: checking for ld used by gcc
configure:15862: result: /usr/bin/ld
configure:15869: checking if the linker (/usr/bin/ld) is GNU ld
configure:15884: result: yes
configure:15902: checking for dpkg
configure:15920: found /usr/bin/dpkg
configure:15932: result: /usr/bin/dpkg
configure:15942: checking for rpmbuild
configure:15975: result: no
configure:15982: checking for sqrt in -lm
configure:16007: g++ -o conftest    conftest.cpp -lm   >&5
configure:16007: $? = 0
configure:16016: result: yes
configure:16027: checking for pthread_join in -lpthread
configure:16052: g++ -o conftest    conftest.cpp -lpthread  -lm  >&5
configure:16052: $? = 0
configure:16061: result: yes
configure:16074: checking for size_t
configure:16074: g++ -c   conftest.cpp >&5
configure:16074: $? = 0
configure:16074: g++ -c   conftest.cpp >&5
conftest.cpp: In function 'int main()':
conftest.cpp:60:20: error: expected primary-expression before ')' token
 if (sizeof ((size_t)))
                    ^
configure:16074: $? = 1
configure: failed program was:
| /* confdefs.h */
| #define PACKAGE_NAME "crac"
| #define PACKAGE_TARNAME "crac"
| #define PACKAGE_VERSION "2.4.0"
| #define PACKAGE_STRING "crac 2.4.0"
| #define PACKAGE_BUGREPORT "crac-bugs@lists.gforge.inria.fr"
| #define PACKAGE_URL "http://crac.gforge.inria.fr/"
| #define PACKAGE "crac"
| #define VERSION "2.4.0"
| #define HAVE_SYS_TYPES_H 1
| #define HAVE_SYS_STAT_H 1
| #define HAVE_STDLIB_H 1
| #define HAVE_STRING_H 1
| #define HAVE_MEMORY_H 1
| #define HAVE_STRINGS_H 1
| #define HAVE_INTTYPES_H 1
| #define HAVE_STDINT_H 1
| #define HAVE_UNISTD_H 1
| #define HAVE_DLFCN_H 1
| #define LT_OBJDIR ".libs/"
| #define HAVE_LIBM 1
| #define HAVE_LIBPTHREAD 1
| /* end confdefs.h.  */
| #include <stdio.h>
| #ifdef HAVE_SYS_TYPES_H
| # include <sys/types.h>
| #endif
| #ifdef HAVE_SYS_STAT_H
| # include <sys/stat.h>
| #endif
| #ifdef STDC_HEADERS
| # include <stdlib.h>
| # include <stddef.h>
| #else
| # ifdef HAVE_STDLIB_H
| #  include <stdlib.h>
| # endif
| #endif
| #ifdef HAVE_STRING_H
| # if !defined STDC_HEADERS && defined HAVE_MEMORY_H
| #  include <memory.h>
| # endif
| # include <string.h>
| #endif
| #ifdef HAVE_STRINGS_H
| # include <strings.h>
| #endif
| #ifdef HAVE_INTTYPES_H
| # include <inttypes.h>
| #endif
| #ifdef HAVE_STDINT_H
| # include <stdint.h>
| #endif
| #ifdef HAVE_UNISTD_H
| # include <unistd.h>
| #endif
| int
| main ()
| {
| if (sizeof ((size_t)))
| 	    return 0;
|   ;
|   return 0;
| }
configure:16074: result: yes
configure:16088: checking for working alloca.h
configure:16105: g++ -o conftest    conftest.cpp -lpthread -lm  >&5
configure:16105: $? = 0
configure:16113: result: yes
configure:16121: checking for alloca
configure:16158: g++ -o conftest    conftest.cpp -lpthread -lm  >&5
configure:16158: $? = 0
configure:16166: result: yes
configure:16272: checking whether sys/types.h defines makedev
configure:16288: g++ -o conftest    conftest.cpp -lpthread -lm  >&5
configure:16288: $? = 0
configure:16297: result: yes
configure:16329: checking fcntl.h usability
configure:16329: g++ -c   conftest.cpp >&5
configure:16329: $? = 0
configure:16329: result: yes
configure:16329: checking fcntl.h presence
configure:16329: g++ -E  conftest.cpp
configure:16329: $? = 0
configure:16329: result: yes
configure:16329: checking for fcntl.h
configure:16329: result: yes
configure:16329: checking for inttypes.h
configure:16329: result: yes
configure:16329: checking libintl.h usability
configure:16329: g++ -c   conftest.cpp >&5
configure:16329: $? = 0
configure:16329: result: yes
configure:16329: checking libintl.h presence
configure:16329: g++ -E  conftest.cpp
configure:16329: $? = 0
configure:16329: result: yes
configure:16329: checking for libintl.h
configure:16329: result: yes
configure:16329: checking limits.h usability
configure:16329: g++ -c   conftest.cpp >&5
configure:16329: $? = 0
configure:16329: result: yes
configure:16329: checking limits.h presence
configure:16329: g++ -E  conftest.cpp
configure:16329: $? = 0
configure:16329: result: yes
configure:16329: checking for limits.h
configure:16329: result: yes
configure:16329: checking locale.h usability
configure:16329: g++ -c   conftest.cpp >&5
configure:16329: $? = 0
configure:16329: result: yes
configure:16329: checking locale.h presence
configure:16329: g++ -E  conftest.cpp
configure:16329: $? = 0
configure:16329: result: yes
configure:16329: checking for locale.h
configure:16329: result: yes
configure:16329: checking for memory.h
configure:16329: result: yes
configure:16329: checking for stdint.h
configure:16329: result: yes
configure:16329: checking for stdlib.h
configure:16329: result: yes
configure:16329: checking for string.h
configure:16329: result: yes
configure:16329: checking for strings.h
configure:16329: result: yes
configure:16329: checking sys/file.h usability
configure:16329: g++ -c   conftest.cpp >&5
configure:16329: $? = 0
configure:16329: result: yes
configure:16329: checking sys/file.h presence
configure:16329: g++ -E  conftest.cpp
configure:16329: $? = 0
configure:16329: result: yes
configure:16329: checking for sys/file.h
configure:16329: result: yes
configure:16329: checking sys/param.h usability
configure:16329: g++ -c   conftest.cpp >&5
configure:16329: $? = 0
configure:16329: result: yes
configure:16329: checking sys/param.h presence
configure:16329: g++ -E  conftest.cpp
configure:16329: $? = 0
configure:16329: result: yes
configure:16329: checking for sys/param.h
configure:16329: result: yes
configure:16329: checking sys/time.h usability
configure:16329: g++ -c   conftest.cpp >&5
configure:16329: $? = 0
configure:16329: result: yes
configure:16329: checking sys/time.h presence
configure:16329: g++ -E  conftest.cpp
configure:16329: $? = 0
configure:16329: result: yes
configure:16329: checking for sys/time.h
configure:16329: result: yes
configure:16329: checking for unistd.h
configure:16329: result: yes
configure:16329: checking utime.h usability
configure:16329: g++ -c   conftest.cpp >&5
configure:16329: $? = 0
configure:16329: result: yes
configure:16329: checking utime.h presence
configure:16329: g++ -E  conftest.cpp
configure:16329: $? = 0
configure:16329: result: yes
configure:16329: checking for utime.h
configure:16329: result: yes
configure:16341: checking for stdbool.h that conforms to C99
configure:16408: g++ -c   conftest.cpp >&5
configure:16408: $? = 0
configure:16415: result: yes
configure:16417: checking for _Bool
configure:16417: g++ -c   conftest.cpp >&5
conftest.cpp: In function 'int main()':
conftest.cpp:77:13: error: '_Bool' was not declared in this scope
 if (sizeof (_Bool))
             ^
configure:16417: $? = 1
configure: failed program was:
| /* confdefs.h */
| #define PACKAGE_NAME "crac"
| #define PACKAGE_TARNAME "crac"
| #define PACKAGE_VERSION "2.4.0"
| #define PACKAGE_STRING "crac 2.4.0"
| #define PACKAGE_BUGREPORT "crac-bugs@lists.gforge.inria.fr"
| #define PACKAGE_URL "http://crac.gforge.inria.fr/"
| #define PACKAGE "crac"
| #define VERSION "2.4.0"
| #define HAVE_SYS_TYPES_H 1
| #define HAVE_SYS_STAT_H 1
| #define HAVE_STDLIB_H 1
| #define HAVE_STRING_H 1
| #define HAVE_MEMORY_H 1
| #define HAVE_STRINGS_H 1
| #define HAVE_INTTYPES_H 1
| #define HAVE_STDINT_H 1
| #define HAVE_UNISTD_H 1
| #define HAVE_DLFCN_H 1
| #define LT_OBJDIR ".libs/"
| #define HAVE_LIBM 1
| #define HAVE_LIBPTHREAD 1
| #define HAVE_ALLOCA_H 1
| #define HAVE_ALLOCA 1
| #define HAVE_FCNTL_H 1
| #define HAVE_INTTYPES_H 1
| #define HAVE_LIBINTL_H 1
| #define HAVE_LIMITS_H 1
| #define HAVE_LOCALE_H 1
| #define HAVE_MEMORY_H 1
| #define HAVE_STDINT_H 1
| #define HAVE_STDLIB_H 1
| #define HAVE_STRING_H 1
| #define HAVE_STRINGS_H 1
| #define HAVE_SYS_FILE_H 1
| #define HAVE_SYS_PARAM_H 1
| #define HAVE_SYS_TIME_H 1
| #define HAVE_UNISTD_H 1
| #define HAVE_UTIME_H 1
| /* end confdefs.h.  */
| #include <stdio.h>
| #ifdef HAVE_SYS_TYPES_H
| # include <sys/types.h>
| #endif
| #ifdef HAVE_SYS_STAT_H
| # include <sys/stat.h>
| #endif
| #ifdef STDC_HEADERS
| # include <stdlib.h>
| # include <stddef.h>
| #else
| # ifdef HAVE_STDLIB_H
| #  include <stdlib.h>
| # endif
| #endif
| #ifdef HAVE_STRING_H
| # if !defined STDC_HEADERS && defined HAVE_MEMORY_H
| #  include <memory.h>
| # endif
| # include <string.h>
| #endif
| #ifdef HAVE_STRINGS_H
| # include <strings.h>
| #endif
| #ifdef HAVE_INTTYPES_H
| # include <inttypes.h>
| #endif
| #ifdef HAVE_STDINT_H
| # include <stdint.h>
| #endif
| #ifdef HAVE_UNISTD_H
| # include <unistd.h>
| #endif
| int
| main ()
| {
| if (sizeof (_Bool))
| 	 return 0;
|   ;
|   return 0;
| }
configure:16417: result: no
configure:16434: checking for inline
configure:16450: g++ -c   conftest.cpp >&5
configure:16450: $? = 0
configure:16458: result: inline
configure:16476: checking for int64_t
configure:16476: g++ -c   conftest.cpp >&5
configure:16476: $? = 0
configure:16476: g++ -c   conftest.cpp >&5
conftest.cpp: In function 'int main()':
conftest.cpp:80:53: warning: integer overflow in expression [-Woverflow]
    < (int64_t) (((((int64_t) 1 << N) << N) - 1) * 2 + 2))];
                                                     ^
conftest.cpp:80:58: error: size of array 'test_array' is negative
    < (int64_t) (((((int64_t) 1 << N) << N) - 1) * 2 + 2))];
                                                          ^
configure:16476: $? = 1
configure: failed program was:
| /* confdefs.h */
| #define PACKAGE_NAME "crac"
| #define PACKAGE_TARNAME "crac"
| #define PACKAGE_VERSION "2.4.0"
| #define PACKAGE_STRING "crac 2.4.0"
| #define PACKAGE_BUGREPORT "crac-bugs@lists.gforge.inria.fr"
| #define PACKAGE_URL "http://crac.gforge.inria.fr/"
| #define PACKAGE "crac"
| #define VERSION "2.4.0"
| #define HAVE_SYS_TYPES_H 1
| #define HAVE_SYS_STAT_H 1
| #define HAVE_STDLIB_H 1
| #define HAVE_STRING_H 1
| #define HAVE_MEMORY_H 1
| #define HAVE_STRINGS_H 1
| #define HAVE_INTTYPES_H 1
| #define HAVE_STDINT_H 1
| #define HAVE_UNISTD_H 1
| #define HAVE_DLFCN_H 1
| #define LT_OBJDIR ".libs/"
| #define HAVE_LIBM 1
| #define HAVE_LIBPTHREAD 1
| #define HAVE_ALLOCA_H 1
| #define HAVE_ALLOCA 1
| #define HAVE_FCNTL_H 1
| #define HAVE_INTTYPES_H 1
| #define HAVE_LIBINTL_H 1
| #define HAVE_LIMITS_H 1
| #define HAVE_LOCALE_H 1
| #define HAVE_MEMORY_H 1
| #define HAVE_STDINT_H 1
| #define HAVE_STDLIB_H 1
| #define HAVE_STRING_H 1
| #define HAVE_STRINGS_H 1
| #define HAVE_SYS_FILE_H 1
| #define HAVE_SYS_PARAM_H 1
| #define HAVE_SYS_TIME_H 1
| #define HAVE_UNISTD_H 1
| #define HAVE_UTIME_H 1
| #define HAVE_STDBOOL_H 1
| /* end confdefs.h.  */
| #include <stdio.h>
| #ifdef HAVE_SYS_TYPES_H
| # include <sys/types.h>
| #endif
| #ifdef HAVE_SYS_STAT_H
| # include <sys/stat.h>
| #endif
| #ifdef STDC_HEADERS
| # include <stdlib.h>
| # include <stddef.h>
| #else
| # ifdef HAVE_STDLIB_H
| #  include <stdlib.h>
| # endif
| #endif
| #ifdef HAVE_STRING_H
| # if !defined STDC_HEADERS && defined HAVE_MEMORY_H
| #  include <memory.h>
| # endif
| # include <string.h>
| #endif
| #ifdef HAVE_STRINGS_H
| # include <strings.h>
| #endif
| #ifdef HAVE_INTTYPES_H
| # include <inttypes.h>
| #endif
| #ifdef HAVE_STDINT_H
| # include <stdint.h>
| #endif
| #ifdef HAVE_UNISTD_H
| # include <unistd.h>
| #endif
| 	        enum { N = 64 / 2 - 1 };
| int
| main ()
| {
| static int test_array [1 - 2 * !((int64_t) (((((int64_t) 1 << N) << N) - 1) * 2 + 1)
| 		 < (int64_t) (((((int64_t) 1 << N) << N) - 1) * 2 + 2))];
| test_array [0] = 0;
| return test_array [0];
| 
|   ;
|   return 0;
| }
configure:16476: result: yes
configure:16487: checking for off_t
configure:16487: g++ -c   conftest.cpp >&5
configure:16487: $? = 0
configure:16487: g++ -c   conftest.cpp >&5
conftest.cpp: In function 'int main()':
conftest.cpp:78:19: error: expected primary-expression before ')' token
 if (sizeof ((off_t)))
                   ^
configure:16487: $? = 1
configure: failed program was:
| /* confdefs.h */
| #define PACKAGE_NAME "crac"
| #define PACKAGE_TARNAME "crac"
| #define PACKAGE_VERSION "2.4.0"
| #define PACKAGE_STRING "crac 2.4.0"
| #define PACKAGE_BUGREPORT "crac-bugs@lists.gforge.inria.fr"
| #define PACKAGE_URL "http://crac.gforge.inria.fr/"
| #define PACKAGE "crac"
| #define VERSION "2.4.0"
| #define HAVE_SYS_TYPES_H 1
| #define HAVE_SYS_STAT_H 1
| #define HAVE_STDLIB_H 1
| #define HAVE_STRING_H 1
| #define HAVE_MEMORY_H 1
| #define HAVE_STRINGS_H 1
| #define HAVE_INTTYPES_H 1
| #define HAVE_STDINT_H 1
| #define HAVE_UNISTD_H 1
| #define HAVE_DLFCN_H 1
| #define LT_OBJDIR ".libs/"
| #define HAVE_LIBM 1
| #define HAVE_LIBPTHREAD 1
| #define HAVE_ALLOCA_H 1
| #define HAVE_ALLOCA 1
| #define HAVE_FCNTL_H 1
| #define HAVE_INTTYPES_H 1
| #define HAVE_LIBINTL_H 1
| #define HAVE_LIMITS_H 1
| #define HAVE_LOCALE_H 1
| #define HAVE_MEMORY_H 1
| #define HAVE_STDINT_H 1
| #define HAVE_STDLIB_H 1
| #define HAVE_STRING_H 1
| #define HAVE_STRINGS_H 1
| #define HAVE_SYS_FILE_H 1
| #define HAVE_SYS_PARAM_H 1
| #define HAVE_SYS_TIME_H 1
| #define HAVE_UNISTD_H 1
| #define HAVE_UTIME_H 1
| #define HAVE_STDBOOL_H 1
| /* end confdefs.h.  */
| #include <stdio.h>
| #ifdef HAVE_SYS_TYPES_H
| # include <sys/types.h>
| #endif
| #ifdef HAVE_SYS_STAT_H
| # include <sys/stat.h>
| #endif
| #ifdef STDC_HEADERS
| # include <stdlib.h>
| # include <stddef.h>
| #else
| # ifdef HAVE_STDLIB_H
| #  include <stdlib.h>
| # endif
| #endif
| #ifdef HAVE_STRING_H
| # if !defined STDC_HEADERS && defined HAVE_MEMORY_H
| #  include <memory.h>
| # endif
| # include <string.h>
| #endif
| #ifdef HAVE_STRINGS_H
| # include <strings.h>
| #endif
| #ifdef HAVE_INTTYPES_H
| # include <inttypes.h>
| #endif
| #ifdef HAVE_STDINT_H
| # include <stdint.h>
| #endif
| #ifdef HAVE_UNISTD_H
| # include <unistd.h>
| #endif
| int
| main ()
| {
| if (sizeof ((off_t)))
| 	    return 0;
|   ;
|   return 0;
| }
configure:16487: result: yes
configure:16498: checking for size_t
configure:16498: result: yes
configure:16509: checking for struct stat.st_blksize
configure:16509: g++ -c   conftest.cpp >&5
configure:16509: $? = 0
configure:16509: result: yes
configure:16519: checking for uint32_t
configure:16519: g++ -c   conftest.cpp >&5
configure:16519: $? = 0
configure:16519: result: yes
configure:16533: checking for uint8_t
configure:16533: g++ -c   conftest.cpp >&5
configure:16533: $? = 0
configure:16533: result: yes
configure:16547: checking for ptrdiff_t
configure:16547: g++ -c   conftest.cpp >&5
conftest.cpp: In function 'int main()':
conftest.cpp:79:13: error: 'ptrdiff_t' was not declared in this scope
 if (sizeof (ptrdiff_t))
             ^
configure:16547: $? = 1
configure: failed program was:
| /* confdefs.h */
| #define PACKAGE_NAME "crac"
| #define PACKAGE_TARNAME "crac"
| #define PACKAGE_VERSION "2.4.0"
| #define PACKAGE_STRING "crac 2.4.0"
| #define PACKAGE_BUGREPORT "crac-bugs@lists.gforge.inria.fr"
| #define PACKAGE_URL "http://crac.gforge.inria.fr/"
| #define PACKAGE "crac"
| #define VERSION "2.4.0"
| #define HAVE_SYS_TYPES_H 1
| #define HAVE_SYS_STAT_H 1
| #define HAVE_STDLIB_H 1
| #define HAVE_STRING_H 1
| #define HAVE_MEMORY_H 1
| #define HAVE_STRINGS_H 1
| #define HAVE_INTTYPES_H 1
| #define HAVE_STDINT_H 1
| #define HAVE_UNISTD_H 1
| #define HAVE_DLFCN_H 1
| #define LT_OBJDIR ".libs/"
| #define HAVE_LIBM 1
| #define HAVE_LIBPTHREAD 1
| #define HAVE_ALLOCA_H 1
| #define HAVE_ALLOCA 1
| #define HAVE_FCNTL_H 1
| #define HAVE_INTTYPES_H 1
| #define HAVE_LIBINTL_H 1
| #define HAVE_LIMITS_H 1
| #define HAVE_LOCALE_H 1
| #define HAVE_MEMORY_H 1
| #define HAVE_STDINT_H 1
| #define HAVE_STDLIB_H 1
| #define HAVE_STRING_H 1
| #define HAVE_STRINGS_H 1
| #define HAVE_SYS_FILE_H 1
| #define HAVE_SYS_PARAM_H 1
| #define HAVE_SYS_TIME_H 1
| #define HAVE_UNISTD_H 1
| #define HAVE_UTIME_H 1
| #define HAVE_STDBOOL_H 1
| #define HAVE_STRUCT_STAT_ST_BLKSIZE 1
| /* end confdefs.h.  */
| #include <stdio.h>
| #ifdef HAVE_SYS_TYPES_H
| # include <sys/types.h>
| #endif
| #ifdef HAVE_SYS_STAT_H
| # include <sys/stat.h>
| #endif
| #ifdef STDC_HEADERS
| # include <stdlib.h>
| # include <stddef.h>
| #else
| # ifdef HAVE_STDLIB_H
| #  include <stdlib.h>
| # endif
| #endif
| #ifdef HAVE_STRING_H
| # if !defined STDC_HEADERS && defined HAVE_MEMORY_H
| #  include <memory.h>
| # endif
| # include <string.h>
| #endif
| #ifdef HAVE_STRINGS_H
| # include <strings.h>
| #endif
| #ifdef HAVE_INTTYPES_H
| # include <inttypes.h>
| #endif
| #ifdef HAVE_STDINT_H
| # include <stdint.h>
| #endif
| #ifdef HAVE_UNISTD_H
| # include <unistd.h>
| #endif
| int
| main ()
| {
| if (sizeof (ptrdiff_t))
| 	 return 0;
|   ;
|   return 0;
| }
configure:16547: result: no
configure:16573: checking for GNU libc compatible malloc
configure:16597: g++ -o conftest    conftest.cpp -lpthread -lm  >&5
configure:16597: $? = 0
configure:16597: ./conftest
configure:16597: $? = 0
configure:16607: result: yes
configure:16630: checking for stdlib.h
configure:16630: result: yes
configure:16640: checking for GNU libc compatible realloc
configure:16664: g++ -o conftest    conftest.cpp -lpthread -lm  >&5
configure:16664: $? = 0
configure:16664: ./conftest
configure:16664: $? = 0
configure:16674: result: yes
configure:16701: checking for floor
configure:16701: g++ -o conftest    conftest.cpp -lpthread -lm  >&5
configure:16701: $? = 0
configure:16701: result: yes
configure:16701: checking for gettimeofday
configure:16701: g++ -o conftest    conftest.cpp -lpthread -lm  >&5
configure:16701: $? = 0
configure:16701: result: yes
configure:16701: checking for memchr
configure:16701: g++ -o conftest    conftest.cpp -lpthread -lm  >&5
configure:16701: $? = 0
configure:16701: result: yes
configure:16701: checking for memmove
configure:16701: g++ -o conftest    conftest.cpp -lpthread -lm  >&5
configure:16701: $? = 0
configure:16701: result: yes
configure:16701: checking for memset
configure:16701: g++ -o conftest    conftest.cpp -lpthread -lm  >&5
configure:16701: $? = 0
configure:16701: result: yes
configure:16701: checking for mkfifo
configure:16701: g++ -o conftest    conftest.cpp -lpthread -lm  >&5
configure:16701: $? = 0
configure:16701: result: yes
configure:16701: checking for pow
configure:16701: g++ -o conftest    conftest.cpp -lpthread -lm  >&5
configure:16701: $? = 0
configure:16701: result: yes
configure:16701: checking for select
configure:16701: g++ -o conftest    conftest.cpp -lpthread -lm  >&5
configure:16701: $? = 0
configure:16701: result: yes
configure:16701: checking for sqrt
configure:16701: g++ -o conftest    conftest.cpp -lpthread -lm  >&5
configure:16701: $? = 0
configure:16701: result: yes
configure:16701: checking for strrchr
configure:16701: g++ -o conftest    conftest.cpp -lpthread -lm  >&5
configure:16701: $? = 0
configure:16701: result: yes
configure:16701: checking for strstr
configure:16701: g++ -o conftest    conftest.cpp -lpthread -lm  >&5
configure:16701: $? = 0
configure:16701: result: yes
configure:16701: checking for strtol
configure:16701: g++ -o conftest    conftest.cpp -lpthread -lm  >&5
configure:16701: $? = 0
configure:16701: result: yes
configure:16903: checking for gzread in -lz
configure:16928: g++ -o conftest   -Wall -ansi -funroll-loops -O4 -DNDEBUG  conftest.cpp -lz  -lpthread -lm  >&5
configure:16928: $? = 0
configure:16937: result: yes
configure:16951: checking for hts_version in -lhts
configure:16976: g++ -o conftest   -Wall -ansi -funroll-loops -O4 -DNDEBUG  conftest.cpp -lhts  -lz -lpthread -lm  >&5
/usr/bin/ld: cannot find -lhts
collect2: error: ld returned 1 exit status
configure:16976: $? = 1
configure: failed program was:
| /* confdefs.h */
| #define PACKAGE_NAME "crac"
| #define PACKAGE_TARNAME "crac"
| #define PACKAGE_VERSION "2.4.0"
| #define PACKAGE_STRING "crac 2.4.0"
| #define PACKAGE_BUGREPORT "crac-bugs@lists.gforge.inria.fr"
| #define PACKAGE_URL "http://crac.gforge.inria.fr/"
| #define PACKAGE "crac"
| #define VERSION "2.4.0"
| #define HAVE_SYS_TYPES_H 1
| #define HAVE_SYS_STAT_H 1
| #define HAVE_STDLIB_H 1
| #define HAVE_STRING_H 1
| #define HAVE_MEMORY_H 1
| #define HAVE_STRINGS_H 1
| #define HAVE_INTTYPES_H 1
| #define HAVE_STDINT_H 1
| #define HAVE_UNISTD_H 1
| #define HAVE_DLFCN_H 1
| #define LT_OBJDIR ".libs/"
| #define HAVE_LIBM 1
| #define HAVE_LIBPTHREAD 1
| #define HAVE_ALLOCA_H 1
| #define HAVE_ALLOCA 1
| #define HAVE_FCNTL_H 1
| #define HAVE_INTTYPES_H 1
| #define HAVE_LIBINTL_H 1
| #define HAVE_LIMITS_H 1
| #define HAVE_LOCALE_H 1
| #define HAVE_MEMORY_H 1
| #define HAVE_STDINT_H 1
| #define HAVE_STDLIB_H 1
| #define HAVE_STRING_H 1
| #define HAVE_STRINGS_H 1
| #define HAVE_SYS_FILE_H 1
| #define HAVE_SYS_PARAM_H 1
| #define HAVE_SYS_TIME_H 1
| #define HAVE_UNISTD_H 1
| #define HAVE_UTIME_H 1
| #define HAVE_STDBOOL_H 1
| #define HAVE_STRUCT_STAT_ST_BLKSIZE 1
| #define HAVE_MALLOC 1
| #define HAVE_STDLIB_H 1
| #define HAVE_REALLOC 1
| #define HAVE_FLOOR 1
| #define HAVE_GETTIMEOFDAY 1
| #define HAVE_MEMCHR 1
| #define HAVE_MEMMOVE 1
| #define HAVE_MEMSET 1
| #define HAVE_MKFIFO 1
| #define HAVE_POW 1
| #define HAVE_SELECT 1
| #define HAVE_SQRT 1
| #define HAVE_STRRCHR 1
| #define HAVE_STRSTR 1
| #define HAVE_STRTOL 1
| #define HAVE_LIBPROGRESSBAR 1
| #define HAVE_LIBZ 1
| /* end confdefs.h.  */
| 
| /* Override any GCC internal prototype to avoid an error.
|    Use char because int might match the return type of a GCC
|    builtin and then its argument prototype would still apply.  */
| #ifdef __cplusplus
| extern "C"
| #endif
| char hts_version ();
| int
| main ()
| {
| return hts_version ();
|   ;
|   return 0;
| }
configure:16985: result: no
configure:16995: error: htslib not found, see http://www.htslib.org/

## ---------------- ##
## Cache variables. ##
## ---------------- ##

ac_cv_build=x86_64-unknown-linux-gnu
ac_cv_c_compiler_gnu=yes
ac_cv_c_inline=inline
ac_cv_c_int64_t=yes
ac_cv_c_uint32_t=yes
ac_cv_c_uint8_t=yes
ac_cv_cxx_compiler_gnu=yes
ac_cv_env_CCC_set=
ac_cv_env_CCC_value=
ac_cv_env_CC_set=
ac_cv_env_CC_value=
ac_cv_env_CFLAGS_set=
ac_cv_env_CFLAGS_value=
ac_cv_env_CPPFLAGS_set=
ac_cv_env_CPPFLAGS_value=
ac_cv_env_CPP_set=
ac_cv_env_CPP_value=
ac_cv_env_CXXCPP_set=
ac_cv_env_CXXCPP_value=
ac_cv_env_CXXFLAGS_set=
ac_cv_env_CXXFLAGS_value=
ac_cv_env_CXX_set=
ac_cv_env_CXX_value=
ac_cv_env_LDFLAGS_set=
ac_cv_env_LDFLAGS_value=
ac_cv_env_LIBS_set=
ac_cv_env_LIBS_value=
ac_cv_env_build_alias_set=
ac_cv_env_build_alias_value=
ac_cv_env_host_alias_set=
ac_cv_env_host_alias_value=
ac_cv_env_target_alias_set=
ac_cv_env_target_alias_value=
ac_cv_func_alloca_works=yes
ac_cv_func_floor=yes
ac_cv_func_gettimeofday=yes
ac_cv_func_malloc_0_nonnull=yes
ac_cv_func_memchr=yes
ac_cv_func_memmove=yes
ac_cv_func_memset=yes
ac_cv_func_mkfifo=yes
ac_cv_func_pow=yes
ac_cv_func_realloc_0_nonnull=yes
ac_cv_func_select=yes
ac_cv_func_sqrt=yes
ac_cv_func_strrchr=yes
ac_cv_func_strstr=yes
ac_cv_func_strtol=yes
ac_cv_header_dlfcn_h=yes
ac_cv_header_fcntl_h=yes
ac_cv_header_inttypes_h=yes
ac_cv_header_libintl_h=yes
ac_cv_header_limits_h=yes
ac_cv_header_locale_h=yes
ac_cv_header_memory_h=yes
ac_cv_header_stdbool_h=yes
ac_cv_header_stdc=no
ac_cv_header_stdint_h=yes
ac_cv_header_stdlib_h=yes
ac_cv_header_string_h=yes
ac_cv_header_strings_h=yes
ac_cv_header_sys_file_h=yes
ac_cv_header_sys_param_h=yes
ac_cv_header_sys_stat_h=yes
ac_cv_header_sys_time_h=yes
ac_cv_header_sys_types_h=yes
ac_cv_header_sys_types_h_makedev=yes
ac_cv_header_unistd_h=yes
ac_cv_header_utime_h=yes
ac_cv_host=x86_64-unknown-linux-gnu
ac_cv_lib_hts_hts_version=no
ac_cv_lib_m_sqrt=yes
ac_cv_lib_pthread_pthread_join=yes
ac_cv_lib_z_gzread=yes
ac_cv_member_struct_stat_st_blksize=yes
ac_cv_objext=o
ac_cv_path_DEB_BUILDER=/usr/bin/dpkg
ac_cv_path_EGREP='/bin/grep -E'
ac_cv_path_FGREP='/bin/grep -F'
ac_cv_path_GREP=/bin/grep
ac_cv_path_SED=/bin/sed
ac_cv_path_install='/usr/bin/install -c'
ac_cv_path_mkdir=/bin/mkdir
ac_cv_prog_AWK=mawk
ac_cv_prog_CPP='gcc -E'
ac_cv_prog_CXXCPP='g++ -E'
ac_cv_prog_ac_ct_AR=ar
ac_cv_prog_ac_ct_CC=gcc
ac_cv_prog_ac_ct_CXX=g++
ac_cv_prog_ac_ct_OBJDUMP=objdump
ac_cv_prog_ac_ct_RANLIB=ranlib
ac_cv_prog_ac_ct_STRIP=strip
ac_cv_prog_cc_c89=
ac_cv_prog_cc_g=yes
ac_cv_prog_cxx_g=yes
ac_cv_prog_make_make_set=yes
ac_cv_type__Bool=no
ac_cv_type_off_t=yes
ac_cv_type_ptrdiff_t=no
ac_cv_type_size_t=yes
ac_cv_working_alloca_h=yes
am_cv_CC_dependencies_compiler_type=gcc3
am_cv_CXX_dependencies_compiler_type=gcc3
am_cv_make_support_nested_variables=yes
am_cv_prog_cc_c_o=yes
lt_cv_ar_at_file=@
lt_cv_deplibs_check_method=pass_all
lt_cv_file_magic_cmd='$MAGIC_CMD'
lt_cv_file_magic_test_file=
lt_cv_ld_reload_flag=-r
lt_cv_nm_interface='BSD nm'
lt_cv_objdir=.libs
lt_cv_path_LD=/usr/bin/ld
lt_cv_path_LDCXX=/usr/bin/ld
lt_cv_path_NM='/usr/bin/nm -B'
lt_cv_path_mainfest_tool=no
lt_cv_prog_compiler_c_o=yes
lt_cv_prog_compiler_c_o_CXX=yes
lt_cv_prog_compiler_pic='-fPIC -DPIC'
lt_cv_prog_compiler_pic_CXX='-fPIC -DPIC'
lt_cv_prog_compiler_pic_works=yes
lt_cv_prog_compiler_pic_works_CXX=yes
lt_cv_prog_compiler_rtti_exceptions=no
lt_cv_prog_compiler_static_works=yes
lt_cv_prog_compiler_static_works_CXX=yes
lt_cv_prog_gnu_ld=yes
lt_cv_prog_gnu_ldcxx=yes
lt_cv_sharedlib_from_linklib_cmd='printf %s\n'
lt_cv_shlibpath_overrides_runpath=no
lt_cv_sys_global_symbol_pipe='sed -n -e '\''s/^.*[	 ]\([ABCDGIRSTW][ABCDGIRSTW]*\)[	 ][	 ]*\([_A-Za-z][_A-Za-z0-9]*\)$/\1 \2 \2/p'\'' | sed '\''/ __gnu_lto/d'\'''
lt_cv_sys_global_symbol_to_c_name_address='sed -n -e '\''s/^: \([^ ]*\)[ ]*$/  {\"\1\", (void *) 0},/p'\'' -e '\''s/^[ABCDGIRSTW]* \([^ ]*\) \([^ ]*\)$/  {"\2", (void *) \&\2},/p'\'''
lt_cv_sys_global_symbol_to_c_name_address_lib_prefix='sed -n -e '\''s/^: \([^ ]*\)[ ]*$/  {\"\1\", (void *) 0},/p'\'' -e '\''s/^[ABCDGIRSTW]* \([^ ]*\) \(lib[^ ]*\)$/  {"\2", (void *) \&\2},/p'\'' -e '\''s/^[ABCDGIRSTW]* \([^ ]*\) \([^ ]*\)$/  {"lib\2", (void *) \&\2},/p'\'''
lt_cv_sys_global_symbol_to_cdecl='sed -n -e '\''s/^T .* \(.*\)$/extern int \1();/p'\'' -e '\''s/^[ABCDGIRSTW]* .* \(.*\)$/extern char \1;/p'\'''
lt_cv_sys_max_cmd_len=1572864
lt_cv_to_host_file_cmd=func_convert_file_noop
lt_cv_to_tool_file_cmd=func_convert_file_noop

## ----------------- ##
## Output variables. ##
## ----------------- ##

ACLOCAL='aclocal-1.14'
ALLOCA=''
AMDEPBACKSLASH='\'
AMDEP_FALSE='#'
AMDEP_TRUE=''
AMTAR='$${TAR-tar}'
AM_BACKSLASH='\'
AM_DEFAULT_V='$(AM_DEFAULT_VERBOSITY)'
AM_DEFAULT_VERBOSITY='1'
AM_V='$(V)'
AR='ar'
ARCH='amd64'
AUTOCONF='autoconf'
AUTOHEADER='autoheader'
AUTOMAKE='automake-1.14'
AWK='mawk'
CC='gcc'
CCDEPMODE='depmode=gcc3'
CFLAGS=''
CPP='gcc -E'
CPPFLAGS=' -Wall -ansi -funroll-loops -O4 -DNDEBUG'
CXX='g++'
CXXCPP='g++ -E'
CXXDEPMODE='depmode=gcc3'
CXXFLAGS=''
CYGPATH_W='echo'
DEB_BUILDER='/usr/bin/dpkg'
DEFS=''
DEPDIR='.deps'
DLLTOOL='false'
DSYMUTIL=''
DUMPBIN=''
ECHO_C=''
ECHO_N='-n'
ECHO_T=''
EGREP='/bin/grep -E'
EXEEXT=''
FGREP='/bin/grep -F'
GREP='/bin/grep'
HAVE_LIBGKARRAYS_FALSE=''
HAVE_LIBGKARRAYS_TRUE=''
HAVE_LIBJELLYFISH_FALSE=''
HAVE_LIBJELLYFISH_TRUE=''
INCLUDED_GKARRAYS_FALSE=''
INCLUDED_GKARRAYS_TRUE=''
INCLUDED_JELLYFISH_FALSE=''
INCLUDED_JELLYFISH_TRUE=''
INCLUDED_PROGRESSBAR_FALSE='#'
INCLUDED_PROGRESSBAR_TRUE=''
INSTALL_DATA='${INSTALL} -m 644'
INSTALL_PROGRAM='${INSTALL}'
INSTALL_SCRIPT='${INSTALL}'
INSTALL_STRIP_PROGRAM='$(install_sh) -c -s'
ISODATE='2020-03-06'
LD='/usr/bin/ld'
LDFLAGS=''
LIBOBJS=''
LIBS='-lz -lpthread -lm '
LIBTOOL='$(SHELL) $(top_builddir)/libtool'
LIPO=''
LN_S='ln -s'
LTLIBOBJS=''
MAKEINFO='makeinfo'
MANIFEST_TOOL=':'
MKDIR_P='/bin/mkdir -p'
NM='/usr/bin/nm -B'
NMEDIT=''
OBJDUMP='objdump'
OBJEXT='o'
OTOOL64=''
OTOOL=''
PACKAGE='crac'
PACKAGE_BUGREPORT='crac-bugs@lists.gforge.inria.fr'
PACKAGE_DESCRIPTION='Crac is a tool to analyse RNA-Seq data provided by NGS'
PACKAGE_NAME='crac'
PACKAGE_STRING='crac 2.4.0'
PACKAGE_TARNAME='crac'
PACKAGE_URL='http://crac.gforge.inria.fr/'
PACKAGE_VERSION='2.4.0'
PATH_SEPARATOR=':'
RANLIB='ranlib'
RPM_BUILDER=''
SED='/bin/sed'
SET_MAKE=''
SHELL='/bin/bash'
STRIP='strip'
VERSION='2.4.0'
ac_ct_AR='ar'
ac_ct_CC='gcc'
ac_ct_CXX='g++'
ac_ct_DUMPBIN=''
am__EXEEXT_FALSE=''
am__EXEEXT_TRUE=''
am__fastdepCC_FALSE='#'
am__fastdepCC_TRUE=''
am__fastdepCXX_FALSE='#'
am__fastdepCXX_TRUE=''
am__include='include'
am__isrc=''
am__leading_dot='.'
am__nodep='_no'
am__quote=''
am__tar='$${TAR-tar} chof - "$$tardir"'
am__untar='$${TAR-tar} xf -'
bindir='${exec_prefix}/bin'
build='x86_64-unknown-linux-gnu'
build_alias=''
build_cpu='x86_64'
build_os='linux-gnu'
build_vendor='unknown'
datadir='${datarootdir}'
datarootdir='${prefix}/share'
docdir='${datarootdir}/doc/${PACKAGE_TARNAME}'
dvidir='${docdir}'
exec_prefix='NONE'
host='x86_64-unknown-linux-gnu'
host_alias=''
host_cpu='x86_64'
host_os='linux-gnu'
host_vendor='unknown'
htmldir='${docdir}'
includedir='${prefix}/include'
infodir='${datarootdir}/info'
install_sh='${SHELL} /myvol1/crac/crac-2.4.0/config/install-sh'
libdir='${exec_prefix}/lib'
libexecdir='${exec_prefix}/libexec'
localedir='${datarootdir}/locale'
localstatedir='${prefix}/var'
mandir='${datarootdir}/man'
mkdir_p='$(MKDIR_P)'
oldincludedir='/usr/include'
pdfdir='${docdir}'
prefix='/myvol1/crac'
program_transform_name='s,x,x,'
psdir='${docdir}'
sbindir='${exec_prefix}/sbin'
sharedstatedir='${prefix}/com'
subdirs=''
sysconfdir='${prefix}/etc'
target_alias=''

## ----------- ##
## confdefs.h. ##
## ----------- ##

/* confdefs.h */
#define PACKAGE_NAME "crac"
#define PACKAGE_TARNAME "crac"
#define PACKAGE_VERSION "2.4.0"
#define PACKAGE_STRING "crac 2.4.0"
#define PACKAGE_BUGREPORT "crac-bugs@lists.gforge.inria.fr"
#define PACKAGE_URL "http://crac.gforge.inria.fr/"
#define PACKAGE "crac"
#define VERSION "2.4.0"
#define HAVE_SYS_TYPES_H 1
#define HAVE_SYS_STAT_H 1
#define HAVE_STDLIB_H 1
#define HAVE_STRING_H 1
#define HAVE_MEMORY_H 1
#define HAVE_STRINGS_H 1
#define HAVE_INTTYPES_H 1
#define HAVE_STDINT_H 1
#define HAVE_UNISTD_H 1
#define HAVE_DLFCN_H 1
#define LT_OBJDIR ".libs/"
#define HAVE_LIBM 1
#define HAVE_LIBPTHREAD 1
#define HAVE_ALLOCA_H 1
#define HAVE_ALLOCA 1
#define HAVE_FCNTL_H 1
#define HAVE_INTTYPES_H 1
#define HAVE_LIBINTL_H 1
#define HAVE_LIMITS_H 1
#define HAVE_LOCALE_H 1
#define HAVE_MEMORY_H 1
#define HAVE_STDINT_H 1
#define HAVE_STDLIB_H 1
#define HAVE_STRING_H 1
#define HAVE_STRINGS_H 1
#define HAVE_SYS_FILE_H 1
#define HAVE_SYS_PARAM_H 1
#define HAVE_SYS_TIME_H 1
#define HAVE_UNISTD_H 1
#define HAVE_UTIME_H 1
#define HAVE_STDBOOL_H 1
#define HAVE_STRUCT_STAT_ST_BLKSIZE 1
#define HAVE_MALLOC 1
#define HAVE_STDLIB_H 1
#define HAVE_REALLOC 1
#define HAVE_FLOOR 1
#define HAVE_GETTIMEOFDAY 1
#define HAVE_MEMCHR 1
#define HAVE_MEMMOVE 1
#define HAVE_MEMSET 1
#define HAVE_MKFIFO 1
#define HAVE_POW 1
#define HAVE_SELECT 1
#define HAVE_SQRT 1
#define HAVE_STRRCHR 1
#define HAVE_STRSTR 1
#define HAVE_STRTOL 1
#define HAVE_LIBPROGRESSBAR 1
#define HAVE_LIBZ 1

configure: exit 1
